<?xml version="1.0" encoding="UTF-8"?>
<testsuite name="museumvisit.MuseumTest" tests="1" skipped="0" failures="0" errors="0" timestamp="2024-02-16T23:29:29" hostname="dyn3140-157.wlan.ic.ac.uk" time="0.021">
  <properties/>
  <testcase name="test toString art gallery" classname="museumvisit.MuseumTest" time="0.021"/>
  <system-out><![CDATA[]]></system-out>
  <system-err><![CDATA[]]></system-err>
</testsuite>
