<?xml version="1.0" encoding="UTF-8"?>
<testsuite name="museumvisit.MuseumRoomTest" tests="2" skipped="0" failures="0" errors="0" timestamp="2024-02-12T15:48:01" hostname="ash14.doc.ic.ac.uk" time="0.044">
  <properties/>
  <testcase name="exception on enter if room gets full" classname="museumvisit.MuseumRoomTest" time="0.044"/>
  <testcase name="test name" classname="museumvisit.MuseumRoomTest" time="0.0"/>
  <system-out><![CDATA[]]></system-out>
  <system-err><![CDATA[]]></system-err>
</testsuite>
